
LED_ON_OBJECT_FILE:     file format elf32-littlearm


Disassembly of section .text:

00000000 <GPIO_MODER_OUTPUT>:
   0:	b480      	push	{r7}
   2:	af00      	add	r7, sp, #0
   4:	4b07      	ldr	r3, [pc, #28]	@ (24 <GPIO_MODER_OUTPUT+0x24>)
   6:	681b      	ldr	r3, [r3, #0]
   8:	4a06      	ldr	r2, [pc, #24]	@ (24 <GPIO_MODER_OUTPUT+0x24>)
   a:	f423 6340 	bic.w	r3, r3, #3072	@ 0xc00
   e:	6013      	str	r3, [r2, #0]
  10:	4b04      	ldr	r3, [pc, #16]	@ (24 <GPIO_MODER_OUTPUT+0x24>)
  12:	681b      	ldr	r3, [r3, #0]
  14:	4a03      	ldr	r2, [pc, #12]	@ (24 <GPIO_MODER_OUTPUT+0x24>)
  16:	f443 6380 	orr.w	r3, r3, #1024	@ 0x400
  1a:	6013      	str	r3, [r2, #0]
  1c:	bf00      	nop
  1e:	46bd      	mov	sp, r7
  20:	bc80      	pop	{r7}
  22:	4770      	bx	lr
  24:	40020000 	.word	0x40020000

00000028 <RCC_ENR>:
  28:	b480      	push	{r7}
  2a:	af00      	add	r7, sp, #0
  2c:	4b04      	ldr	r3, [pc, #16]	@ (40 <RCC_ENR+0x18>)
  2e:	681b      	ldr	r3, [r3, #0]
  30:	4a03      	ldr	r2, [pc, #12]	@ (40 <RCC_ENR+0x18>)
  32:	f043 0301 	orr.w	r3, r3, #1
  36:	6013      	str	r3, [r2, #0]
  38:	bf00      	nop
  3a:	46bd      	mov	sp, r7
  3c:	bc80      	pop	{r7}
  3e:	4770      	bx	lr
  40:	40023830 	.word	0x40023830

00000044 <LED_ON>:
  44:	b480      	push	{r7}
  46:	af00      	add	r7, sp, #0
  48:	4b04      	ldr	r3, [pc, #16]	@ (5c <LED_ON+0x18>)
  4a:	681b      	ldr	r3, [r3, #0]
  4c:	4a03      	ldr	r2, [pc, #12]	@ (5c <LED_ON+0x18>)
  4e:	f043 0320 	orr.w	r3, r3, #32
  52:	6013      	str	r3, [r2, #0]
  54:	bf00      	nop
  56:	46bd      	mov	sp, r7
  58:	bc80      	pop	{r7}
  5a:	4770      	bx	lr
  5c:	40020014 	.word	0x40020014

00000060 <main>:
  60:	b580      	push	{r7, lr}
  62:	af00      	add	r7, sp, #0
  64:	f7ff fffe 	bl	28 <RCC_ENR>
  68:	f7ff fffe 	bl	0 <GPIO_MODER_OUTPUT>
  6c:	f7ff fffe 	bl	44 <LED_ON>
  70:	2300      	movs	r3, #0
  72:	4618      	mov	r0, r3
  74:	bd80      	pop	{r7, pc}
  76:	bf00      	nop
